[2024-11-04T09:28:56.419Z] [32minfo[39m: 	[32mMongoDB disconnected[39m
[2024-11-04T09:28:56.426Z] [31merror[39m: 	[31mInitial MongoDB connection error[39m
[2024-11-04T09:28:56.431Z] [31merror[39m: 	[31mError in MongoDB connection[39m
[2024-11-04T09:28:56.433Z] [32minfo[39m: 	[32mServer is listening on port: 8080[39m
[2024-11-04T09:31:48.571Z] [32minfo[39m: 	[32mMongoDB connected[39m
[2024-11-04T09:31:48.576Z] [32minfo[39m: 	[32mSuccessfully connected to MongoDB[39m
[2024-11-04T09:31:48.582Z] [32minfo[39m: 	[32mServer is listening on port: 8080[39m
[2024-11-05T07:32:00.856Z] [32minfo[39m: 	[32mMongoDB connected[39m
[2024-11-05T07:32:00.878Z] [32minfo[39m: 	[32mSuccessfully connected to MongoDB[39m
[2024-11-05T07:32:00.886Z] [32minfo[39m: 	[32mServer is listening on port: 8080[39m
[2024-11-05T07:34:38.701Z] [31merror[39m: 	[31munhandled error[39m
[2024-11-05T07:37:43.047Z] [32minfo[39m: 	[32mMongoDB disconnected[39m
[2024-11-05T07:37:43.053Z] [31merror[39m: 	[31mInitial MongoDB connection error[39m
[2024-11-05T07:37:43.059Z] [31merror[39m: 	[31mError in MongoDB connection[39m
[2024-11-05T07:37:43.062Z] [32minfo[39m: 	[32mServer is listening on port: 8080[39m
[2024-11-05T07:39:51.828Z] [32minfo[39m: 	[32mMongoDB connected[39m
[2024-11-05T07:39:51.834Z] [32minfo[39m: 	[32mSuccessfully connected to MongoDB[39m
[2024-11-05T07:39:51.839Z] [32minfo[39m: 	[32mServer is listening on port: 8080[39m
[2024-11-05T07:44:49.806Z] [32minfo[39m: 	[32mMongoDB connected[39m
[2024-11-05T07:44:49.813Z] [32minfo[39m: 	[32mSuccessfully connected to MongoDB[39m
[2024-11-05T07:44:49.820Z] [32minfo[39m: 	[32mServer is listening on port: 8080[39m
[2024-11-05T07:45:34.787Z] [32minfo[39m: 	[32mMongoDB connected[39m
[2024-11-05T07:45:34.794Z] [32minfo[39m: 	[32mSuccessfully connected to MongoDB[39m
[2024-11-05T07:45:34.801Z] [32minfo[39m: 	[32mServer is listening on port: 8080[39m
[2024-11-05T07:46:06.586Z] [32minfo[39m: 	[32mMongoDB connected[39m
[2024-11-05T07:46:06.593Z] [32minfo[39m: 	[32mSuccessfully connected to MongoDB[39m
[2024-11-05T07:46:06.599Z] [32minfo[39m: 	[32mServer is listening on port: 8080[39m
[2024-11-05T07:46:14.506Z] [32minfo[39m: 	[32mMongoDB connected[39m
[2024-11-05T07:46:14.513Z] [32minfo[39m: 	[32mSuccessfully connected to MongoDB[39m
[2024-11-05T07:46:14.520Z] [32minfo[39m: 	[32mServer is listening on port: 8080[39m
[2024-11-05T07:49:38.446Z] [32minfo[39m: 	[32mMongoDB connected[39m
[2024-11-05T07:49:38.453Z] [32minfo[39m: 	[32mSuccessfully connected to MongoDB[39m
[2024-11-05T07:49:38.460Z] [32minfo[39m: 	[32mServer is listening on port: 8080[39m
[2024-11-05T07:51:21.736Z] [32minfo[39m: 	[32mMongoDB connected[39m
[2024-11-05T07:51:21.744Z] [32minfo[39m: 	[32mSuccessfully connected to MongoDB[39m
[2024-11-05T07:51:21.752Z] [32minfo[39m: 	[32mServer is listening on port: 8080[39m
[2024-11-05T07:51:40.922Z] [32minfo[39m: 	[32mMongoDB connected[39m
[2024-11-05T07:51:40.930Z] [32minfo[39m: 	[32mSuccessfully connected to MongoDB[39m
[2024-11-05T07:51:40.935Z] [32minfo[39m: 	[32mServer is listening on port: 8080[39m
[2024-11-05T07:51:49.405Z] [32minfo[39m: 	[32mMongoDB connected[39m
[2024-11-05T07:51:49.412Z] [32minfo[39m: 	[32mSuccessfully connected to MongoDB[39m
[2024-11-05T07:51:49.419Z] [32minfo[39m: 	[32mServer is listening on port: 8080[39m
[2024-11-05T07:53:14.998Z] [32minfo[39m: 	[32mMongoDB connected[39m
[2024-11-05T07:53:15.004Z] [32minfo[39m: 	[32mSuccessfully connected to MongoDB[39m
[2024-11-05T07:53:15.012Z] [32minfo[39m: 	[32mServer is listening on port: 8080[39m
[2024-11-05T07:53:35.482Z] [32minfo[39m: 	[32mMongoDB connected[39m
[2024-11-05T07:53:35.492Z] [32minfo[39m: 	[32mSuccessfully connected to MongoDB[39m
[2024-11-05T07:53:35.500Z] [32minfo[39m: 	[32mServer is listening on port: 8080[39m
[2024-11-05T07:55:26.704Z] [32minfo[39m: 	[32mMongoDB connected[39m
[2024-11-05T07:55:26.711Z] [32minfo[39m: 	[32mSuccessfully connected to MongoDB[39m
[2024-11-05T07:55:26.719Z] [32minfo[39m: 	[32mServer is listening on port: 8080[39m
[2024-11-05T07:56:09.820Z] [32minfo[39m: 	[32mMongoDB connected[39m
[2024-11-05T07:56:09.838Z] [32minfo[39m: 	[32mSuccessfully connected to MongoDB[39m
[2024-11-05T07:56:09.849Z] [32minfo[39m: 	[32mServer is listening on port: 8080[39m
[2024-11-05T07:57:42.603Z] [32minfo[39m: 	[32mMongoDB connected[39m
[2024-11-05T07:57:42.611Z] [32minfo[39m: 	[32mSuccessfully connected to MongoDB[39m
[2024-11-05T07:57:42.618Z] [32minfo[39m: 	[32mServer is listening on port: 8080[39m
[2024-11-05T08:10:06.117Z] [32minfo[39m: 	[32mMongoDB connected[39m
[2024-11-05T08:10:06.125Z] [32minfo[39m: 	[32mSuccessfully connected to MongoDB[39m
[2024-11-05T08:10:06.132Z] [32minfo[39m: 	[32mServer is listening on port: 8080[39m
